--------------- Clean Started: 08/17/2017 16:06:18 Project: ADC_DMA_Multiple_Chn, Configuration: ARM GCC 5.4-2016-q2-update Debug ---------------
Deleting file ".\CortexM0\ARM_GCC_541\Debug\main.o"
Deleting file ".\CortexM0\ARM_GCC_541\Debug\cyfitter_cfg.o"
Deleting file ".\CortexM0\ARM_GCC_541\Debug\cymetadata.o"
Deleting file ".\CortexM0\ARM_GCC_541\Debug\ADC.o"
Deleting file ".\CortexM0\ARM_GCC_541\Debug\ADC_PM.o"
Deleting file ".\CortexM0\ARM_GCC_541\Debug\ADC_INT.o"
Deleting file ".\CortexM0\ARM_GCC_541\Debug\DMA.o"
Deleting file ".\CortexM0\ARM_GCC_541\Debug\UART_AsmGnu.o"
Deleting file ".\CortexM0\ARM_GCC_541\Debug\UART.o"
Deleting file ".\CortexM0\ARM_GCC_541\Debug\in1.o"
Deleting file ".\CortexM0\ARM_GCC_541\Debug\in1_PM.o"
Deleting file ".\CortexM0\ARM_GCC_541\Debug\PWM.o"
Deleting file ".\CortexM0\ARM_GCC_541\Debug\PWM_PM.o"
Deleting file ".\CortexM0\ARM_GCC_541\Debug\clk.o"
Deleting file ".\CortexM0\ARM_GCC_541\Debug\Pin_1.o"
Deleting file ".\CortexM0\ARM_GCC_541\Debug\Pin_1_PM.o"
Deleting file ".\CortexM0\ARM_GCC_541\Debug\ADC_IRQ.o"
Deleting file ".\CortexM0\ARM_GCC_541\Debug\ADC_intClock.o"
Deleting file ".\CortexM0\ARM_GCC_541\Debug\Cm0Start.o"
Deleting file ".\CortexM0\ARM_GCC_541\Debug\CyBootAsmGnu.o"
Deleting file ".\CortexM0\ARM_GCC_541\Debug\CyFlash.o"
Deleting file ".\CortexM0\ARM_GCC_541\Debug\CyLib.o"
Deleting file ".\CortexM0\ARM_GCC_541\Debug\cyPm.o"
Deleting file ".\CortexM0\ARM_GCC_541\Debug\cyutils.o"
Deleting file ".\CortexM0\ARM_GCC_541\Debug\CyDMA.o"
Deleting file ".\CortexM0\ARM_GCC_541\Debug\CyLFClk.o"
Deleting file ".\CortexM0\ARM_GCC_541\Debug\in2.o"
Deleting file ".\CortexM0\ARM_GCC_541\Debug\in2_PM.o"
Deleting file ".\CortexM0\ARM_GCC_541\Debug\in3.o"
Deleting file ".\CortexM0\ARM_GCC_541\Debug\in3_PM.o"
Deleting file ".\CortexM0\ARM_GCC_541\Debug\ADC_DMA_Multiple_Chn.hex"
Deleting file ".\CortexM0\ARM_GCC_541\Debug\ADC_DMA_Multiple_Chn.elf"
Deleting file ".\CortexM0\ARM_GCC_541\Debug\ADC_DMA_Multiple_Chn.map"
Deleting file ".\ADC_DMA_Multiple_Chn.rpt"
Deleting file ".\ADC_DMA_Multiple_Chn_timing.html"
Deleting file ".\CortexM0\ARM_GCC_541\Debug\.deps\SOURCE_C__ARM_GCC_GENERIC.P"
Deleting file ".\CortexM0\ARM_GCC_541\Debug\.deps\SOURCE_ASM__ARM_GCC_GENERIC.P"
--------------- Clean Succeeded: 08/17/2017 16:06:18 ---------------
